!SESSION 2013-06-26 23:23:29.458 -----------------------------------------------
eclipse.buildId=M20100909-0800
java.version=1.7.0_25
java.vendor=Oracle Corporation
BootLoader constants: OS=win32, ARCH=x86, WS=win32, NL=es_CO
Command-line arguments:  -os win32 -ws win32 -arch x86 -data C:\Users\usuario\SkyDrive\Publicaciones\JuninEnLinea\HTML5Application\public_html

!ENTRY org.eclipse.jface 2 0 2013-06-26 23:23:55.640
!MESSAGE Keybinding conflicts occurred.  They may interfere with normal accelerator operation.
!SUBENTRY 1 org.eclipse.jface 2 0 2013-06-26 23:23:55.640
!MESSAGE A conflict occurred for CTRL+SHIFT+D:
Binding(CTRL+SHIFT+D,
	ParameterizedCommand(Command(org.eclipse.jdt.debug.ui.commands.Display,Display,
		Display result of evaluating selected text,
		Category(org.eclipse.debug.ui.category.run,Run/Debug,Run/Debug command category,true),
		,
		,,true),null),
	org.eclipse.ui.defaultAcceleratorConfiguration,
	org.eclipse.ui.contexts.dialogAndWindow,,,system)
Binding(CTRL+SHIFT+D,
	ParameterizedCommand(Command(com.aptana.ide.syncing.ui.commands.download,Download...,
		,
		Category(com.aptana.ide.syncing.ui.commands.category,File Transfer,File Transfer Commands,true),
		com.aptana.ide.syncing.ui.handlers.DownloadHandler,
		,,true),null),
	org.eclipse.ui.defaultAcceleratorConfiguration,
	org.eclipse.ui.contexts.window,,,system)
Binding(CTRL+SHIFT+D,
	ParameterizedCommand(Command(org.radrails.rails.ui.command.debug.server,Debug Server,
		,
		Category(org.radrails.rails.ui.category,Rails,null,true),
		org.radrails.rails.internal.ui.commands.DebugServerHandler,
		,,true),null),
	org.eclipse.ui.defaultAcceleratorConfiguration,
	org.eclipse.ui.contexts.window,,,system)
!SUBENTRY 1 org.eclipse.jface 2 0 2013-06-26 23:23:55.640
!MESSAGE A conflict occurred for CTRL+SHIFT+U:
Binding(CTRL+SHIFT+U,
	ParameterizedCommand(Command(org.eclipse.jdt.ui.edit.text.java.search.occurrences.in.file.quickMenu,Show Occurrences in File Quick Menu,
		Shows the Occurrences in File quick menu,
		Category(org.eclipse.search.ui.category.search,Search,Search command category,true),
		,
		,,true),null),
	org.eclipse.ui.defaultAcceleratorConfiguration,
	org.eclipse.ui.contexts.window,,,system)
Binding(CTRL+SHIFT+U,
	ParameterizedCommand(Command(com.aptana.ide.syncing.ui.commands.upload,Upload...,
		,
		Category(com.aptana.ide.syncing.ui.commands.category,File Transfer,File Transfer Commands,true),
		com.aptana.ide.syncing.ui.handlers.UploadHandler,
		,,true),null),
	org.eclipse.ui.defaultAcceleratorConfiguration,
	org.eclipse.ui.contexts.window,,,system)
!SESSION 2013-06-26 23:24:59.850 -----------------------------------------------
eclipse.buildId=M20100909-0800
java.version=1.7.0_25
java.vendor=Oracle Corporation
BootLoader constants: OS=win32, ARCH=x86, WS=win32, NL=es_CO
Command-line arguments:  -os win32 -ws win32 -arch x86 -data C:\Users\usuario\SkyDrive\Publicaciones\JuninEnLinea\HTML5Application\public_html

!ENTRY org.eclipse.jface 2 0 2013-06-26 23:25:13.043
!MESSAGE Keybinding conflicts occurred.  They may interfere with normal accelerator operation.
!SUBENTRY 1 org.eclipse.jface 2 0 2013-06-26 23:25:13.043
!MESSAGE A conflict occurred for CTRL+SHIFT+D:
Binding(CTRL+SHIFT+D,
	ParameterizedCommand(Command(org.eclipse.jdt.debug.ui.commands.Display,Display,
		Display result of evaluating selected text,
		Category(org.eclipse.debug.ui.category.run,Run/Debug,Run/Debug command category,true),
		,
		,,true),null),
	org.eclipse.ui.defaultAcceleratorConfiguration,
	org.eclipse.ui.contexts.dialogAndWindow,,,system)
Binding(CTRL+SHIFT+D,
	ParameterizedCommand(Command(com.aptana.ide.syncing.ui.commands.download,Download...,
		,
		Category(com.aptana.ide.syncing.ui.commands.category,File Transfer,File Transfer Commands,true),
		com.aptana.ide.syncing.ui.handlers.DownloadHandler,
		,,true),null),
	org.eclipse.ui.defaultAcceleratorConfiguration,
	org.eclipse.ui.contexts.window,,,system)
Binding(CTRL+SHIFT+D,
	ParameterizedCommand(Command(org.radrails.rails.ui.command.debug.server,Debug Server,
		,
		Category(org.radrails.rails.ui.category,Rails,null,true),
		org.radrails.rails.internal.ui.commands.DebugServerHandler,
		,,true),null),
	org.eclipse.ui.defaultAcceleratorConfiguration,
	org.eclipse.ui.contexts.window,,,system)
!SUBENTRY 1 org.eclipse.jface 2 0 2013-06-26 23:25:13.043
!MESSAGE A conflict occurred for CTRL+SHIFT+U:
Binding(CTRL+SHIFT+U,
	ParameterizedCommand(Command(org.eclipse.jdt.ui.edit.text.java.search.occurrences.in.file.quickMenu,Show Occurrences in File Quick Menu,
		Shows the Occurrences in File quick menu,
		Category(org.eclipse.search.ui.category.search,Search,Search command category,true),
		,
		,,true),null),
	org.eclipse.ui.defaultAcceleratorConfiguration,
	org.eclipse.ui.contexts.window,,,system)
Binding(CTRL+SHIFT+U,
	ParameterizedCommand(Command(com.aptana.ide.syncing.ui.commands.upload,Upload...,
		,
		Category(com.aptana.ide.syncing.ui.commands.category,File Transfer,File Transfer Commands,true),
		com.aptana.ide.syncing.ui.handlers.UploadHandler,
		,,true),null),
	org.eclipse.ui.defaultAcceleratorConfiguration,
	org.eclipse.ui.contexts.window,,,system)

!ENTRY org.eclipse.core.jobs 4 2 2013-06-26 23:25:15.241
!MESSAGE An internal error occurred during: "Start Ruble bundle manager".
!STACK 0
java.lang.NullPointerException
	at java.io.File.<init>(Unknown Source)
	at com.aptana.scripting.model.BundleMonitor.beginMonitoring(BundleMonitor.java:107)
	at com.aptana.scripting.ScriptingActivator$1.run(ScriptingActivator.java:111)
	at org.eclipse.core.internal.jobs.Worker.run(Worker.java:54)

!ENTRY org.eclipse.ui 4 0 2013-06-26 23:28:27.442
!MESSAGE Unhandled event loop exception
!STACK 0
java.lang.NullPointerException
	at org.eclipse.ant.internal.ui.AntUtil.isKnownAntFile(AntUtil.java:593)
	at org.eclipse.ant.internal.ui.launchConfigurations.AntLaunchShortcut.launch(AntLaunchShortcut.java:465)
	at org.eclipse.debug.internal.ui.launchConfigurations.LaunchShortcutExtension.launch(LaunchShortcutExtension.java:424)
	at org.eclipse.debug.internal.ui.contextlaunching.ContextRunner.launchShortcut(ContextRunner.java:217)
	at org.eclipse.debug.internal.ui.contextlaunching.ContextRunner.showShortcutSelectionDialog(ContextRunner.java:286)
	at org.eclipse.debug.internal.ui.contextlaunching.ContextRunner.selectAndLaunch(ContextRunner.java:140)
	at org.eclipse.debug.internal.ui.contextlaunching.ContextRunner.launch(ContextRunner.java:82)
	at org.eclipse.debug.ui.actions.AbstractLaunchToolbarAction.run(AbstractLaunchToolbarAction.java:79)
	at org.eclipse.debug.ui.actions.AbstractLaunchHistoryAction.runWithEvent(AbstractLaunchHistoryAction.java:404)
	at org.eclipse.ui.internal.PluginAction.runWithEvent(PluginAction.java:241)
	at org.eclipse.ui.internal.WWinPluginAction.runWithEvent(WWinPluginAction.java:229)
	at org.eclipse.jface.action.ActionContributionItem.handleWidgetSelection(ActionContributionItem.java:584)
	at org.eclipse.jface.action.ActionContributionItem.access$2(ActionContributionItem.java:501)
	at org.eclipse.jface.action.ActionContributionItem$6.handleEvent(ActionContributionItem.java:452)
	at org.eclipse.swt.widgets.EventTable.sendEvent(EventTable.java:84)
	at org.eclipse.swt.widgets.Widget.sendEvent(Widget.java:1053)
	at org.eclipse.swt.widgets.Display.runDeferredEvents(Display.java:4066)
	at org.eclipse.swt.widgets.Display.readAndDispatch(Display.java:3657)
	at org.eclipse.ui.internal.Workbench.runEventLoop(Workbench.java:2640)
	at org.eclipse.ui.internal.Workbench.runUI(Workbench.java:2604)
	at org.eclipse.ui.internal.Workbench.access$4(Workbench.java:2438)
	at org.eclipse.ui.internal.Workbench$7.run(Workbench.java:671)
	at org.eclipse.core.databinding.observable.Realm.runWithDefault(Realm.java:332)
	at org.eclipse.ui.internal.Workbench.createAndRunWorkbench(Workbench.java:664)
	at org.eclipse.ui.PlatformUI.createAndRunWorkbench(PlatformUI.java:149)
	at org.eclipse.ui.internal.ide.application.IDEApplication.start(IDEApplication.java:115)
	at org.eclipse.equinox.internal.app.EclipseAppHandle.run(EclipseAppHandle.java:196)
	at org.eclipse.core.runtime.internal.adaptor.EclipseAppLauncher.runApplication(EclipseAppLauncher.java:110)
	at org.eclipse.core.runtime.internal.adaptor.EclipseAppLauncher.start(EclipseAppLauncher.java:79)
	at org.eclipse.core.runtime.adaptor.EclipseStarter.run(EclipseStarter.java:369)
	at org.eclipse.core.runtime.adaptor.EclipseStarter.run(EclipseStarter.java:179)
	at sun.reflect.NativeMethodAccessorImpl.invoke0(Native Method)
	at sun.reflect.NativeMethodAccessorImpl.invoke(Unknown Source)
	at sun.reflect.DelegatingMethodAccessorImpl.invoke(Unknown Source)
	at java.lang.reflect.Method.invoke(Unknown Source)
	at org.eclipse.equinox.launcher.Main.invokeFramework(Main.java:619)
	at org.eclipse.equinox.launcher.Main.basicRun(Main.java:574)
	at org.eclipse.equinox.launcher.Main.run(Main.java:1407)
!SESSION 2013-06-29 11:55:51.760 -----------------------------------------------
eclipse.buildId=M20100909-0800
java.version=1.7.0_25
java.vendor=Oracle Corporation
BootLoader constants: OS=win32, ARCH=x86, WS=win32, NL=es_CO
Command-line arguments:  -os win32 -ws win32 -arch x86

!ENTRY org.eclipse.jface 2 0 2013-06-29 11:56:25.148
!MESSAGE Keybinding conflicts occurred.  They may interfere with normal accelerator operation.
!SUBENTRY 1 org.eclipse.jface 2 0 2013-06-29 11:56:25.148
!MESSAGE A conflict occurred for CTRL+SHIFT+D:
Binding(CTRL+SHIFT+D,
	ParameterizedCommand(Command(org.eclipse.jdt.debug.ui.commands.Display,Display,
		Display result of evaluating selected text,
		Category(org.eclipse.debug.ui.category.run,Run/Debug,Run/Debug command category,true),
		,
		,,true),null),
	org.eclipse.ui.defaultAcceleratorConfiguration,
	org.eclipse.ui.contexts.dialogAndWindow,,,system)
Binding(CTRL+SHIFT+D,
	ParameterizedCommand(Command(com.aptana.ide.syncing.ui.commands.download,Download...,
		,
		Category(com.aptana.ide.syncing.ui.commands.category,File Transfer,File Transfer Commands,true),
		com.aptana.ide.syncing.ui.handlers.DownloadHandler,
		,,true),null),
	org.eclipse.ui.defaultAcceleratorConfiguration,
	org.eclipse.ui.contexts.window,,,system)
Binding(CTRL+SHIFT+D,
	ParameterizedCommand(Command(org.radrails.rails.ui.command.debug.server,Debug Server,
		,
		Category(org.radrails.rails.ui.category,Rails,null,true),
		org.radrails.rails.internal.ui.commands.DebugServerHandler,
		,,true),null),
	org.eclipse.ui.defaultAcceleratorConfiguration,
	org.eclipse.ui.contexts.window,,,system)
!SUBENTRY 1 org.eclipse.jface 2 0 2013-06-29 11:56:25.149
!MESSAGE A conflict occurred for CTRL+SHIFT+U:
Binding(CTRL+SHIFT+U,
	ParameterizedCommand(Command(org.eclipse.jdt.ui.edit.text.java.search.occurrences.in.file.quickMenu,Show Occurrences in File Quick Menu,
		Shows the Occurrences in File quick menu,
		Category(org.eclipse.search.ui.category.search,Search,Search command category,true),
		,
		,,true),null),
	org.eclipse.ui.defaultAcceleratorConfiguration,
	org.eclipse.ui.contexts.window,,,system)
Binding(CTRL+SHIFT+U,
	ParameterizedCommand(Command(com.aptana.ide.syncing.ui.commands.upload,Upload...,
		,
		Category(com.aptana.ide.syncing.ui.commands.category,File Transfer,File Transfer Commands,true),
		com.aptana.ide.syncing.ui.handlers.UploadHandler,
		,,true),null),
	org.eclipse.ui.defaultAcceleratorConfiguration,
	org.eclipse.ui.contexts.window,,,system)
!SESSION 2013-07-02 21:42:37.043 -----------------------------------------------
eclipse.buildId=M20100909-0800
java.version=1.7.0_25
java.vendor=Oracle Corporation
BootLoader constants: OS=win32, ARCH=x86, WS=win32, NL=es_CO
Command-line arguments:  -os win32 -ws win32 -arch x86

!ENTRY org.eclipse.jface 2 0 2013-07-02 21:43:22.453
!MESSAGE Keybinding conflicts occurred.  They may interfere with normal accelerator operation.
!SUBENTRY 1 org.eclipse.jface 2 0 2013-07-02 21:43:22.453
!MESSAGE A conflict occurred for CTRL+SHIFT+D:
Binding(CTRL+SHIFT+D,
	ParameterizedCommand(Command(org.eclipse.jdt.debug.ui.commands.Display,Display,
		Display result of evaluating selected text,
		Category(org.eclipse.debug.ui.category.run,Run/Debug,Run/Debug command category,true),
		,
		,,true),null),
	org.eclipse.ui.defaultAcceleratorConfiguration,
	org.eclipse.ui.contexts.dialogAndWindow,,,system)
Binding(CTRL+SHIFT+D,
	ParameterizedCommand(Command(com.aptana.ide.syncing.ui.commands.download,Download...,
		,
		Category(com.aptana.ide.syncing.ui.commands.category,File Transfer,File Transfer Commands,true),
		com.aptana.ide.syncing.ui.handlers.DownloadHandler,
		,,true),null),
	org.eclipse.ui.defaultAcceleratorConfiguration,
	org.eclipse.ui.contexts.window,,,system)
Binding(CTRL+SHIFT+D,
	ParameterizedCommand(Command(org.radrails.rails.ui.command.debug.server,Debug Server,
		,
		Category(org.radrails.rails.ui.category,Rails,null,true),
		org.radrails.rails.internal.ui.commands.DebugServerHandler,
		,,true),null),
	org.eclipse.ui.defaultAcceleratorConfiguration,
	org.eclipse.ui.contexts.window,,,system)
!SUBENTRY 1 org.eclipse.jface 2 0 2013-07-02 21:43:22.453
!MESSAGE A conflict occurred for CTRL+SHIFT+U:
Binding(CTRL+SHIFT+U,
	ParameterizedCommand(Command(org.eclipse.jdt.ui.edit.text.java.search.occurrences.in.file.quickMenu,Show Occurrences in File Quick Menu,
		Shows the Occurrences in File quick menu,
		Category(org.eclipse.search.ui.category.search,Search,Search command category,true),
		,
		,,true),null),
	org.eclipse.ui.defaultAcceleratorConfiguration,
	org.eclipse.ui.contexts.window,,,system)
Binding(CTRL+SHIFT+U,
	ParameterizedCommand(Command(com.aptana.ide.syncing.ui.commands.upload,Upload...,
		,
		Category(com.aptana.ide.syncing.ui.commands.category,File Transfer,File Transfer Commands,true),
		com.aptana.ide.syncing.ui.handlers.UploadHandler,
		,,true),null),
	org.eclipse.ui.defaultAcceleratorConfiguration,
	org.eclipse.ui.contexts.window,,,system)
